<?xml version="1.0" encoding="UTF-8"?>
<Site BuildName="(empty)"
	BuildStamp="20240615-0817-Experimental"
	Name="loq"
	Generator="ctest-3.16.3"
	CompilerName="/usr/bin/c++"
	CompilerVersion="9.4.0"
	OSName="Linux"
	Hostname="loq"
	OSRelease="5.15.0-107-generic"
	OSVersion="#117~20.04.1-Ubuntu SMP Tue Apr 30 10:35:57 UTC 2024"
	OSPlatform="x86_64"
	Is64Bits="1"
	VendorString="GenuineIntel"
	VendorID="Intel Corporation"
	FamilyID="6"
	ModelID="158"
	ProcessorCacheSize="8192"
	NumberOfLogicalCPU="8"
	NumberOfPhysicalCPU="4"
	TotalVirtualMemory="7812"
	TotalPhysicalMemory="7855"
	LogicalProcessorsPerPhysical="2"
	ProcessorClockFrequency="1126.66"
	>
	<Testing>
		<StartDateTime>Jun 15 21:05 +07</StartDateTime>
		<StartTestTime>1718460305</StartTestTime>
		<TestList/>
		<EndDateTime>Jun 15 21:05 +07</EndDateTime>
		<EndTestTime>1718460305</EndTestTime>
		<ElapsedMinutes>0</ElapsedMinutes>
	</Testing>
</Site>
